2025-09-10 15:09:36,669 INFO Thu·∫≠t to√°n ho√†n th√†nh! Th·ªùi gian ho√†n th√†nh t·ªët nh·∫•t: 0
2025-09-10 15:27:24,744 INFO B·∫Øt ƒë·∫ßu ch·∫°y t·∫•t c·∫£ thu·∫≠t to√°n ƒë·ªÉ so s√°nh...
2025-09-10 15:27:27,026 INFO ƒê√£ ho√†n th√†nh ch·∫°y t·∫•t c·∫£ thu·∫≠t to√°n!
2025-09-10 15:27:32,782 INFO B·∫Øt ƒë·∫ßu ch·∫°y t·∫•t c·∫£ thu·∫≠t to√°n ƒë·ªÉ so s√°nh...
2025-09-10 15:27:35,078 INFO ƒê√£ ho√†n th√†nh ch·∫°y t·∫•t c·∫£ thu·∫≠t to√°n!
2025-09-10 15:27:46,299 INFO Thu·∫≠t to√°n ho√†n th√†nh! Th·ªùi gian ho√†n th√†nh t·ªët nh·∫•t: 25
2025-09-10 15:27:54,160 INFO B·∫Øt ƒë·∫ßu ch·∫°y t·∫•t c·∫£ thu·∫≠t to√°n ƒë·ªÉ so s√°nh...
2025-09-10 15:27:56,449 INFO ƒê√£ ho√†n th√†nh ch·∫°y t·∫•t c·∫£ thu·∫≠t to√°n!
2025-09-10 15:27:59,312 INFO Thu·∫≠t to√°n ho√†n th√†nh! Th·ªùi gian ho√†n th√†nh t·ªët nh·∫•t: 25
2025-09-10 15:28:02,369 INFO Thu·∫≠t to√°n ho√†n th√†nh! Th·ªùi gian ho√†n th√†nh t·ªët nh·∫•t: 25
2025-09-10 15:28:19,711 INFO Thu·∫≠t to√°n ho√†n th√†nh! Th·ªùi gian ho√†n th√†nh t·ªët nh·∫•t: 35
2025-09-10 15:30:02,581 INFO L·ªói trong qu√° tr√¨nh t·ªëi ∆∞u: 'NoneType' object is not subscriptable
2025-09-10 15:32:55,928 INFO Thu·∫≠t to√°n ho√†n th√†nh! Th·ªùi gian ho√†n th√†nh t·ªët nh·∫•t: 25
2025-09-10 15:32:58,839 INFO Thu·∫≠t to√°n ho√†n th√†nh! Th·ªùi gian ho√†n th√†nh t·ªët nh·∫•t: 25
2025-09-10 15:33:01,617 INFO Thu·∫≠t to√°n ho√†n th√†nh! Th·ªùi gian ho√†n th√†nh t·ªët nh·∫•t: 25
2025-09-10 15:33:04,423 INFO B·∫Øt ƒë·∫ßu ch·∫°y t·∫•t c·∫£ thu·∫≠t to√°n ƒë·ªÉ so s√°nh...
2025-09-10 15:33:06,683 INFO ƒê√£ ho√†n th√†nh ch·∫°y t·∫•t c·∫£ thu·∫≠t to√°n!
2025-09-15 18:05:07,419 INFO Thu\u1eadt to·n ho‡n th‡nh! Th\u1eddi gian ho‡n th‡nh t\u1ed1t nh\u1ea5t: 35
2025-09-15 18:05:13,933 INFO Thu\u1eadt to·n ho‡n th‡nh! Th\u1eddi gian ho‡n th‡nh t\u1ed1t nh\u1ea5t: 35
2025-09-15 18:06:06,753 INFO Thu\u1eadt to·n ho‡n th‡nh! Th\u1eddi gian ho‡n th‡nh t\u1ed1t nh\u1ea5t: 25
2025-09-15 18:06:54,975 INFO Thu\u1eadt to·n ho‡n th‡nh! Th\u1eddi gian ho‡n th‡nh t\u1ed1t nh\u1ea5t: 25
2025-09-15 18:07:09,482 INFO Thu\u1eadt to·n ho‡n th‡nh! Th\u1eddi gian ho‡n th‡nh t\u1ed1t nh\u1ea5t: 26
2025-09-15 18:07:31,622 INFO Thu\u1eadt to·n ho‡n th‡nh! Th\u1eddi gian ho‡n th‡nh t\u1ed1t nh\u1ea5t: 27
2025-10-07 08:01:05,413 INFO Thu\u1eadt to·n ho‡n th‡nh! Th\u1eddi gian ho‡n th‡nh t\u1ed1t nh\u1ea5t: 25
2025-10-07 08:01:44,329 INFO B\u1eaft \u0111\u1ea7u ch\u1ea1y t\u1ea5t c\u1ea3 thu\u1eadt to·n \u0111\u1ec3 so s·nh...
2025-10-07 08:01:46,746 INFO \u0110„ ho‡n th‡nh ch\u1ea1y t\u1ea5t c\u1ea3 thu\u1eadt to·n!
2025-10-07 08:02:13,752 INFO Thu\u1eadt to·n ho‡n th‡nh! Th\u1eddi gian ho‡n th‡nh t\u1ed1t nh\u1ea5t: 25
2025-10-07 08:02:39,271 INFO Thu\u1eadt to·n ho‡n th‡nh! Th\u1eddi gian ho‡n th‡nh t\u1ed1t nh\u1ea5t: 28
2025-10-07 08:02:52,415 INFO Thu\u1eadt to·n ho‡n th‡nh! Th\u1eddi gian ho‡n th‡nh t\u1ed1t nh\u1ea5t: 27
2025-11-12 17:12:13,247 INFO Thu\u1eadt to·n ho‡n th‡nh! Th\u1eddi gian ho‡n th‡nh t\u1ed1t nh\u1ea5t: 20
2025-11-12 17:15:22,614 INFO Thu\u1eadt to·n ho‡n th‡nh! Th\u1eddi gian ho‡n th‡nh t\u1ed1t nh\u1ea5t: 12
2025-11-12 17:18:44,224 INFO Thu\u1eadt to·n ho‡n th‡nh! Th\u1eddi gian ho‡n th‡nh t\u1ed1t nh\u1ea5t: 10
2025-11-12 17:19:59,611 INFO Thu\u1eadt to·n ho‡n th‡nh! Th\u1eddi gian ho‡n th‡nh t\u1ed1t nh\u1ea5t: 11
2025-11-18 10:07:13,597 INFO Thu\u1eadt to·n ho‡n th‡nh! Th\u1eddi gian ho‡n th‡nh t\u1ed1t nh\u1ea5t: 29
2025-11-18 10:07:38,369 INFO Thu\u1eadt to·n ho‡n th‡nh! Th\u1eddi gian ho‡n th‡nh t\u1ed1t nh\u1ea5t: 27
2025-11-18 10:11:12,867 INFO Thu\u1eadt to·n ho‡n th‡nh! Th\u1eddi gian ho‡n th‡nh t\u1ed1t nh\u1ea5t: 28
2025-11-18 10:11:19,779 INFO Thu\u1eadt to·n ho‡n th‡nh! Th\u1eddi gian ho‡n th‡nh t\u1ed1t nh\u1ea5t: 33
